[www.shecodes.io/demos/react.html]
[www.shecodes.io/assets/favicons/favicon-16x16-68ffe6b5b87c6d0e54fa5e326b5fee611fb3927c3af10fb0c19666e644309226.png]
[www.shecodes.io/assets/favicons/favicon-32x32-ef9cc1de3ba7ad6d82e9ad4858c30f59678a695c9c78b52b826bd74f7fc3a02c.png]
[www.shecodes.io/assets/favicons/favicon-96x96-82ee0bebcc08c010eeff011b5297cbccd3eeb5bfbc62e1b407e512ba2bfaad1a.png]
[www.shecodes.io/assets/favicons/android-icon-36x36-2147ac2ad42ca69e83fa7f2af4740bf57b880f1b422ae8e69b24a36ef3939775.png]
[www.shecodes.io/assets/favicons/android-icon-48x48-b834f4c667cde22d13a462f73a02d8f56e882390aae773f74bb2fbe6dc839bbe.png]
[www.shecodes.io/assets/favicons/android-icon-72x72-24ef8ee7d4e7fa5ea6db157d87a913ef37aeb70df46621828282cdd413b9147d.png]
[www.shecodes.io/assets/favicons/android-icon-96x96-82ee0bebcc08c010eeff011b5297cbccd3eeb5bfbc62e1b407e512ba2bfaad1a.png]
[www.shecodes.io/assets/favicons/android-icon-144x144-bb382ffc4aee9f606377e914551167ec0d942345a84b19d92961f57539947670.png]
[www.shecodes.io/assets/favicons/android-icon-192x192-5fbaa0447d5d03151119d7f0cfc97a9003d739362c3c23fcf949c962af845315.png]
[www.shecodes.io/assets/favicons/apple-icon-57x57-1559d22a13cd9a0756b17878e28b8ed09366ba7afaf8c2e16382c06c3e60b34d.png]
[www.shecodes.io/assets/favicons/apple-icon-60x60-b850d92320a041637170c52e5481eddac7e1046ddb1ef37cdd4c41310ec37baa.png]
[www.shecodes.io/assets/favicons/apple-icon-72x72-24ef8ee7d4e7fa5ea6db157d87a913ef37aeb70df46621828282cdd413b9147d.png]
[www.shecodes.io/assets/favicons/apple-icon-76x76-a280df20587f4b345923f09d4326c7ba7365b4a1249aee4725ca302a2dabe392.png]
[www.shecodes.io/assets/favicons/apple-icon-114x114-6c7c1a1b7ad7714659774e1150608d2641561b28e3213d851c0d1bdfba6ee320.png]
[www.shecodes.io/assets/favicons/apple-icon-120x120-80b75ca5de2b4ed4bbabe1984f94f45e54f9ef4e2d5093417dd149e323b7fa92.png]
[www.shecodes.io/assets/favicons/apple-icon-144x144-bb382ffc4aee9f606377e914551167ec0d942345a84b19d92961f57539947670.png]
[www.shecodes.io/assets/favicons/apple-icon-152x152-f4981f2fa48c2ad64214e98e11682072f64b835bbbfd99ffb1ee062384bdd03b.png]
[www.shecodes.io/assets/favicons/apple-icon-180x180-f27278940dd41745e205561b24d1d89c7c415f2343d15cab071fd7efd2edf08f.png]
[www.shecodes.io/assets/favicons/ms-icon-70x70-305e4cf74a3af079135ea77990863522daeb237abcb0a3eab66d5243c77d5b84.png]
[www.shecodes.io/assets/favicons/ms-icon-144x144-bb382ffc4aee9f606377e914551167ec0d942345a84b19d92961f57539947670.png]
[www.shecodes.io/assets/favicons/ms-icon-150x150-eea14623c0cfda69bfcabfc743e7a84d75eff595307e197984da786c3ac272d9.png]
[www.shecodes.io/assets/favicons/ms-icon-310x310-83fea5cb4405e3d40e3826220553f52e791154701544149b6d6f4cccc9870f51.png]
[d2wy8f7a9ursnm.cloudfront.net/bugsnag-3.min.js]
[cdnjs.cloudflare.com/ajax/libs/codemirror/5.54.0/codemirror.css]
[cdnjs.cloudflare.com/ajax/libs/codemirror/5.54.0/codemirror.js]
[cdnjs.cloudflare.com/ajax/libs/codemirror/5.54.0/mode/javascript/javascript.min.js]
[connect.facebook.net/en_US/fbevents.js]
[widget.trustpilot.com/bootstrap/v5/tp.widget.bootstrap.min.js]
[backblue.gif]
[fade.gif]
[index.html]
[kit.fontawesome.com/ddc3ee268a.js]
[sc-static.net/scevent.min.js]
[static.ads-twitter.com/uwt.js]
[analytics.tiktok.com/i18n/pixel/events.js]
[www.shecodes.io/assets/demo-e594e39397730613174eaa5be763345063abf5b7d4dc0a1104e807845f87883d.css]
[www.google-analytics.com/analytics.js]
[www.shecodes.io/demos/react.html]
[www.googletagmanager.com/gtm5445.html]
[cdnjs.cloudflare.com/ajax/libs/codemirror/5.54.0/codemirror.css]
[www.shecodes.io/demos/c]
[www.shecodes.io/demos/b]
[www.shecodes.io/demos/POST]
[connect.facebook.net/en_US/fbevents.js]
[www.shecodes.io/demos/xhr.js]
[www.shecodes.io/demos/GET]
[www.shecodes.io/demos/lib/widget-management.js]
[widget.trustpilot.com/bootstrap/v5/tp.widget.bootstrap.min.js]
[www.shecodes.io/assets/demo-e594e39397730613174eaa5be763345063abf5b7d4dc0a1104e807845f87883d.css]
[www.shecodes.io/packs/js/application-e8df40a368cf9061d85a.js]
[www.shecodes.io/demos/c.html]
[www.shecodes.io/demos/b.html]
[www.shecodes.io/demos/POST.html]
[www.shecodes.io/demos/xhr.html]
[www.shecodes.io/demos/GET.html]
[www.shecodes.io/demos/lib/widget-management.html]
